<?xml version="1.0" encoding="UTF-8"?>
<robot generator="Robot 3.2.2 (Python 3.8.5 on win32)" generated="20200918 10:57:57.635" rpa="false">
<suite id="s1" name="Engie" source="C:\Users\chiheb\eclipse-workspace\Engie">
<suite id="s1-s1" name="Test" source="C:\Users\chiheb\eclipse-workspace\Engie\test">
<suite id="s1-s1-s1" name="Test2Prov" source="C:\Users\chiheb\eclipse-workspace\Engie\test\test2prov.robot">
<test id="s1-s1-s1-t1" name="Config_Proxy">
<kw name="Set Selenium Implicit Wait" library="SeleniumLibrary">
<doc>Sets the implicit wait value used by Selenium.</doc>
<arguments>
<arg>10</arg>
</arguments>
<status status="PASS" starttime="20200918 10:57:58.876" endtime="20200918 10:57:58.877"></status>
</kw>
<kw name="Start Local Server" library="BrowserMobProxyLibrary">
<doc>Start local Browsermob Proxy Server instance</doc>
<arguments>
<arg>C:/Users/chiheb/Desktop/browsermob-proxy-2.1.4/bin/browsermob-proxy.bat</arg>
</arguments>
<status status="PASS" starttime="20200918 10:57:58.877" endtime="20200918 10:57:58.884"></status>
</kw>
<kw name="Create Dictionary" library="BuiltIn">
<doc>Creates and returns a dictionary based on the given ``items``.</doc>
<arguments>
<arg>port=8085</arg>
</arguments>
<assign>
<var>&amp;{port}</var>
</assign>
<msg timestamp="20200918 10:57:58.888" level="INFO">&amp;{port} = { port=8085 }</msg>
<status status="PASS" starttime="20200918 10:57:58.885" endtime="20200918 10:57:58.888"></status>
</kw>
<kw name="Create Proxy" library="BrowserMobProxyLibrary">
<doc>Creates proxy.</doc>
<arguments>
<arg>${port}</arg>
</arguments>
<assign>
<var>${BrowserMob_Proxy}</var>
</assign>
<msg timestamp="20200918 10:57:58.902" level="INFO">${BrowserMob_Proxy} = &lt;browsermobproxy.client.Client object at 0x04236910&gt;</msg>
<status status="PASS" starttime="20200918 10:57:58.889" endtime="20200918 10:57:58.903"></status>
</kw>
<kw name="Evaluate" library="BuiltIn">
<doc>Evaluates the given expression in Python and returns the result.</doc>
<arguments>
<arg>sys.modules['selenium.webdriver'].ChromeOptions()</arg>
<arg>sys, selenium.webdriver</arg>
</arguments>
<assign>
<var>${options}</var>
</assign>
<msg timestamp="20200918 10:57:58.904" level="INFO">${options} = &lt;selenium.webdriver.chrome.options.Options object at 0x04236FB8&gt;</msg>
<status status="PASS" starttime="20200918 10:57:58.903" endtime="20200918 10:57:58.904"></status>
</kw>
<kw name="Call Method" library="BuiltIn">
<doc>Calls the named method of the given object with the provided arguments.</doc>
<arguments>
<arg>${options}</arg>
<arg>add_argument</arg>
<arg>--proxy\=${BrowserMob_Proxy}</arg>
</arguments>
<status status="PASS" starttime="20200918 10:57:58.905" endtime="20200918 10:57:58.906"></status>
</kw>
<kw name="Call Method" library="BuiltIn">
<doc>Calls the named method of the given object with the provided arguments.</doc>
<arguments>
<arg>${options}</arg>
<arg>add_argument</arg>
<arg>--allow-running-insecure-content</arg>
</arguments>
<status status="PASS" starttime="20200918 10:57:58.906" endtime="20200918 10:57:58.907"></status>
</kw>
<kw name="Call Method" library="BuiltIn">
<doc>Calls the named method of the given object with the provided arguments.</doc>
<arguments>
<arg>${options}</arg>
<arg>add_argument</arg>
<arg>--disable-web-security</arg>
</arguments>
<status status="PASS" starttime="20200918 10:57:58.907" endtime="20200918 10:57:58.908"></status>
</kw>
<kw name="Create Webdriver" library="SeleniumLibrary">
<doc>Creates an instance of Selenium WebDriver.</doc>
<arguments>
<arg>Chrome</arg>
<arg>chrome_options=${options}</arg>
</arguments>
<msg timestamp="20200918 10:57:58.909" level="INFO">Creating an instance of the Chrome WebDriver.</msg>
<status status="PASS" starttime="20200918 10:57:58.908" endtime="20200918 10:58:02.178"></status>
</kw>
<kw name="New Har" library="BrowserMobProxyLibrary">
<doc>This sets a new HAR to be recorded</doc>
<arguments>
<arg>engie</arg>
</arguments>
<status status="PASS" starttime="20200918 10:58:02.179" endtime="20200918 10:58:02.192"></status>
</kw>
<kw name="Go To" library="SeleniumLibrary">
<doc>Navigates the current browser window to the provided ``url``.</doc>
<arguments>
<arg>${PAGE_URL}</arg>
</arguments>
<msg timestamp="20200918 10:58:02.194" level="INFO">Opening url 'https://particuliers.engie.fr?env_work=acc'</msg>
<status status="PASS" starttime="20200918 10:58:02.193" endtime="20200918 10:58:04.965"></status>
</kw>
<kw name="Get Har As Json" library="BrowserMobProxyLibrary">
<doc>Returns the HAR that has been recorded as json</doc>
<assign>
<var>${har}</var>
</assign>
<msg timestamp="20200918 10:58:04.974" level="INFO">${har} = {"log": {"version": "1.2", "creator": {"name": "BrowserMob Proxy", "version": "2.1.4", "comment": ""}, "pages": [{"id": "engie", "startedDateTime": "2020-09-18T10:58:02.188+02:00", "title": "engie", "...</msg>
<status status="PASS" starttime="20200918 10:58:04.966" endtime="20200918 10:58:04.975"></status>
</kw>
<kw name="Create File" library="OperatingSystem">
<doc>Creates a file with the given content and encoding.</doc>
<arguments>
<arg>${EXECDIR}${/}file.har</arg>
<arg>${har}</arg>
</arguments>
<msg timestamp="20200918 10:58:04.977" level="INFO" html="yes">Created file '&lt;a href="file://C:\Users\chiheb\eclipse-workspace\Engie\file.har"&gt;C:\Users\chiheb\eclipse-workspace\Engie\file.har&lt;/a&gt;'.</msg>
<status status="PASS" starttime="20200918 10:58:04.975" endtime="20200918 10:58:04.977"></status>
</kw>
<kw name="Close All Browsers" library="SeleniumLibrary">
<doc>Closes all open browsers and resets the browser cache.</doc>
<status status="PASS" starttime="20200918 10:58:04.978" endtime="20200918 10:58:07.132"></status>
</kw>
<kw name="Stop Local Server" library="BrowserMobProxyLibrary">
<doc>This will stop the process running the Browsermob Proxy</doc>
<status status="PASS" starttime="20200918 10:58:07.133" endtime="20200918 10:58:07.139"></status>
</kw>
<doc>Start chrome browser</doc>
<status status="PASS" starttime="20200918 10:57:58.874" endtime="20200918 10:58:07.140" critical="yes"></status>
</test>
<doc>This is just a BrowserMob Proxy Library tutorial
</doc>
<status status="PASS" starttime="20200918 10:57:57.752" endtime="20200918 10:58:07.144"></status>
</suite>
<status status="PASS" starttime="20200918 10:57:57.747" endtime="20200918 10:58:07.151"></status>
</suite>
<status status="PASS" starttime="20200918 10:57:57.698" endtime="20200918 10:58:07.157"></status>
</suite>
<statistics>
<total>
<stat pass="1" fail="0">Critical Tests</stat>
<stat pass="1" fail="0">All Tests</stat>
</total>
<tag>
</tag>
<suite>
<stat pass="1" fail="0" id="s1" name="Engie">Engie</stat>
<stat pass="1" fail="0" id="s1-s1" name="Test">Engie.Test</stat>
<stat pass="1" fail="0" id="s1-s1-s1" name="Test2Prov">Engie.Test.Test2Prov</stat>
</suite>
</statistics>
<errors>
</errors>
</robot>
