<?xml version="1.0" encoding="UTF-8"?>
<robot generator="Robot 3.2.2 (Python 3.8.5 on win32)" generated="20200918 17:05:46.767" rpa="false">
<suite id="s1" name="Engie" source="C:\Users\chiheb\eclipse-workspace\Engie">
<suite id="s1-s1" name="Test" source="C:\Users\chiheb\eclipse-workspace\Engie\test">
<suite id="s1-s1-s1" name="HARFile Engie" source="C:\Users\chiheb\eclipse-workspace\Engie\test\HARFile_Engie.robot">
<kw name="Config_Proxy" type="setup">
<doc>Start chrome browser</doc>
<kw name="Set Selenium Implicit Wait" library="SeleniumLibrary">
<doc>Sets the implicit wait value used by Selenium.</doc>
<arguments>
<arg>10</arg>
</arguments>
<status status="PASS" starttime="20200918 17:05:48.018" endtime="20200918 17:05:48.018"></status>
</kw>
<kw name="Start Local Server" library="BrowserMobProxyLibrary">
<doc>Start local Browsermob Proxy Server instance</doc>
<arguments>
<arg>C:/Users/chiheb/Desktop/browsermob-proxy-2.1.4/bin/browsermob-proxy.bat</arg>
</arguments>
<status status="PASS" starttime="20200918 17:05:48.018" endtime="20200918 17:05:48.018"></status>
</kw>
<kw name="Create Dictionary" library="BuiltIn">
<doc>Creates and returns a dictionary based on the given ``items``.</doc>
<arguments>
<arg>port=8082</arg>
</arguments>
<assign>
<var>&amp;{port}</var>
</assign>
<msg timestamp="20200918 17:05:48.027" level="INFO">&amp;{port} = { port=8082 }</msg>
<status status="PASS" starttime="20200918 17:05:48.027" endtime="20200918 17:05:48.027"></status>
</kw>
<kw name="Create Proxy" library="BrowserMobProxyLibrary">
<doc>Creates proxy.</doc>
<arguments>
<arg>${port}</arg>
</arguments>
<assign>
<var>${BrowserMob_Proxy}</var>
</assign>
<msg timestamp="20200918 17:05:48.037" level="INFO">${BrowserMob_Proxy} = &lt;browsermobproxy.client.Client object at 0x0447AF88&gt;</msg>
<status status="PASS" starttime="20200918 17:05:48.027" endtime="20200918 17:05:48.047"></status>
</kw>
<kw name="Evaluate" library="BuiltIn">
<doc>Evaluates the given expression in Python and returns the result.</doc>
<arguments>
<arg>sys.modules['selenium.webdriver'].ChromeOptions()</arg>
<arg>sys, selenium.webdriver</arg>
</arguments>
<assign>
<var>${options}</var>
</assign>
<msg timestamp="20200918 17:05:48.047" level="INFO">${options} = &lt;selenium.webdriver.chrome.options.Options object at 0x04321640&gt;</msg>
<status status="PASS" starttime="20200918 17:05:48.047" endtime="20200918 17:05:48.047"></status>
</kw>
<kw name="Call Method" library="BuiltIn">
<doc>Calls the named method of the given object with the provided arguments.</doc>
<arguments>
<arg>${options}</arg>
<arg>add_argument</arg>
<arg>--proxy-server\=localhost:8082</arg>
</arguments>
<status status="PASS" starttime="20200918 17:05:48.047" endtime="20200918 17:05:48.047"></status>
</kw>
<kw name="Call Method" library="BuiltIn">
<doc>Calls the named method of the given object with the provided arguments.</doc>
<arguments>
<arg>${options}</arg>
<arg>add_argument</arg>
<arg>--ignore-certificate-errors</arg>
</arguments>
<status status="PASS" starttime="20200918 17:05:48.047" endtime="20200918 17:05:48.047"></status>
</kw>
<kw name="Set Variable" library="BuiltIn">
<doc>Returns the given values which can then be assigned to a variables.</doc>
<arguments>
<arg>--allow-running-insecure-content</arg>
</arguments>
<assign>
<var>${options.add_argument}</var>
</assign>
<msg timestamp="20200918 17:05:48.047" level="INFO">${options.add_argument} = --allow-running-insecure-content</msg>
<status status="PASS" starttime="20200918 17:05:48.047" endtime="20200918 17:05:48.047"></status>
</kw>
<kw name="Set Variable" library="BuiltIn">
<doc>Returns the given values which can then be assigned to a variables.</doc>
<arguments>
<arg>--disable-web-security</arg>
</arguments>
<assign>
<var>${options.add_argument}</var>
</assign>
<msg timestamp="20200918 17:05:48.047" level="INFO">${options.add_argument} = --disable-web-security</msg>
<status status="PASS" starttime="20200918 17:05:48.047" endtime="20200918 17:05:48.047"></status>
</kw>
<kw name="Set Variable" library="BuiltIn">
<doc>Returns the given values which can then be assigned to a variables.</doc>
<arguments>
<arg>--ignore-certificate-errors</arg>
</arguments>
<assign>
<var>${options.add_argument}</var>
</assign>
<msg timestamp="20200918 17:05:48.047" level="INFO">${options.add_argument} = --ignore-certificate-errors</msg>
<status status="PASS" starttime="20200918 17:05:48.047" endtime="20200918 17:05:48.047"></status>
</kw>
<kw name="Create Webdriver" library="SeleniumLibrary">
<doc>Creates an instance of Selenium WebDriver.</doc>
<arguments>
<arg>Chrome</arg>
<arg>chrome_options=${options}</arg>
</arguments>
<msg timestamp="20200918 17:05:48.057" level="INFO">Creating an instance of the Chrome WebDriver.</msg>
<status status="PASS" starttime="20200918 17:05:48.047" endtime="20200918 17:05:51.334"></status>
</kw>
<status status="PASS" starttime="20200918 17:05:48.016" endtime="20200918 17:05:51.335"></status>
</kw>
<test id="s1-s1-s1-t1" name="Home Engie">
<kw name="New Har" library="BrowserMobProxyLibrary">
<doc>This sets a new HAR to be recorded</doc>
<arguments>
<arg>engie</arg>
</arguments>
<status status="PASS" starttime="20200918 17:05:51.336" endtime="20200918 17:05:51.377"></status>
</kw>
<kw name="Go To" library="SeleniumLibrary">
<doc>Navigates the current browser window to the provided ``url``.</doc>
<arguments>
<arg>${PAGE_URL}</arg>
</arguments>
<msg timestamp="20200918 17:05:51.380" level="INFO">Opening url 'https://particuliers.engie.fr?env_work=acc'</msg>
<status status="PASS" starttime="20200918 17:05:51.379" endtime="20200918 17:05:58.793"></status>
</kw>
<kw name="Maximize Browser Window" library="SeleniumLibrary">
<doc>Maximizes current browser window.</doc>
<status status="PASS" starttime="20200918 17:05:58.794" endtime="20200918 17:06:00.920"></status>
</kw>
<kw name="Capture Page Screenshot" library="SeleniumLibrary">
<doc>Takes a screenshot of the current page and embeds it into a log file.</doc>
<msg timestamp="20200918 17:06:02.659" level="INFO" html="yes">&lt;/td&gt;&lt;/tr&gt;&lt;tr&gt;&lt;td colspan="3"&gt;&lt;a href="selenium-screenshot-9.png"&gt;&lt;img src="selenium-screenshot-9.png" width="800px"&gt;&lt;/a&gt;</msg>
<status status="PASS" starttime="20200918 17:06:00.921" endtime="20200918 17:06:02.660"></status>
</kw>
<kw name="Click Element" library="SeleniumLibrary">
<doc>Click the element identified by ``locator``.</doc>
<arguments>
<arg>xpath=//*[@id='engie_fournisseur_d_electricite_et_de_gaz_naturel_headerhp_souscrire_a_une_offre_d_energie']</arg>
</arguments>
<msg timestamp="20200918 17:06:02.662" level="INFO">Clicking element 'xpath=//*[@id='engie_fournisseur_d_electricite_et_de_gaz_naturel_headerhp_souscrire_a_une_offre_d_energie']'.</msg>
<status status="PASS" starttime="20200918 17:06:02.660" endtime="20200918 17:06:09.955"></status>
</kw>
<kw name="Sleep" library="BuiltIn">
<doc>Pauses the test executed for the given time.</doc>
<arguments>
<arg>2</arg>
</arguments>
<msg timestamp="20200918 17:06:11.959" level="INFO">Slept 2 seconds</msg>
<status status="PASS" starttime="20200918 17:06:09.956" endtime="20200918 17:06:11.959"></status>
</kw>
<kw name="Get Har As Json" library="BrowserMobProxyLibrary">
<doc>Returns the HAR that has been recorded as json</doc>
<assign>
<var>${har}</var>
</assign>
<msg timestamp="20200918 17:06:12.021" level="INFO">${har} = {"log": {"version": "1.2", "creator": {"name": "BrowserMob Proxy", "version": "2.1.4", "comment": ""}, "pages": [{"id": "engie", "startedDateTime": "2020-09-18T17:05:51.343+02:00", "title": "engie", "...</msg>
<status status="PASS" starttime="20200918 17:06:11.960" endtime="20200918 17:06:12.022"></status>
</kw>
<kw name="Create File" library="OperatingSystem">
<doc>Creates a file with the given content and encoding.</doc>
<arguments>
<arg>${EXECDIR}${/}Home_Engie.har</arg>
<arg>${har}</arg>
</arguments>
<msg timestamp="20200918 17:06:12.025" level="INFO" html="yes">Created file '&lt;a href="file://C:\Users\chiheb\eclipse-workspace\Engie\Home_Engie.har"&gt;C:\Users\chiheb\eclipse-workspace\Engie\Home_Engie.har&lt;/a&gt;'.</msg>
<status status="PASS" starttime="20200918 17:06:12.022" endtime="20200918 17:06:12.026"></status>
</kw>
<status status="PASS" starttime="20200918 17:05:51.335" endtime="20200918 17:06:12.027" critical="yes"></status>
</test>
<kw name="Close Browsers" type="teardown">
<kw name="Close All Browsers" library="SeleniumLibrary">
<doc>Closes all open browsers and resets the browser cache.</doc>
<status status="PASS" starttime="20200918 17:06:12.029" endtime="20200918 17:06:14.254"></status>
</kw>
<kw name="Stop Local Server" library="BrowserMobProxyLibrary">
<doc>This will stop the process running the Browsermob Proxy</doc>
<status status="PASS" starttime="20200918 17:06:14.254" endtime="20200918 17:06:14.254"></status>
</kw>
<status status="PASS" starttime="20200918 17:06:12.028" endtime="20200918 17:06:14.254"></status>
</kw>
<doc>This is just a BrowserMob Proxy Library tutorial
</doc>
<metadata>
<item name="VERSION">0.1</item>
</metadata>
<status status="PASS" starttime="20200918 17:05:46.877" endtime="20200918 17:06:14.254"></status>
</suite>
<status status="PASS" starttime="20200918 17:05:46.877" endtime="20200918 17:06:14.264"></status>
</suite>
<status status="PASS" starttime="20200918 17:05:46.827" endtime="20200918 17:06:14.265"></status>
</suite>
<statistics>
<total>
<stat pass="1" fail="0">Critical Tests</stat>
<stat pass="1" fail="0">All Tests</stat>
</total>
<tag>
</tag>
<suite>
<stat pass="1" fail="0" id="s1" name="Engie">Engie</stat>
<stat pass="1" fail="0" id="s1-s1" name="Test">Engie.Test</stat>
<stat pass="1" fail="0" id="s1-s1-s1" name="HARFile Engie">Engie.Test.HARFile Engie</stat>
</suite>
</statistics>
<errors>
</errors>
</robot>
